[debug] [2022-04-01T07:32:34.099Z] ----------------------------------------------------------------------
[debug] [2022-04-01T07:32:34.100Z] Command:       /usr/local/bin/node /usr/local/bin/firebase deploy
[debug] [2022-04-01T07:32:34.101Z] CLI Version:   10.5.0
[debug] [2022-04-01T07:32:34.101Z] Platform:      darwin
[debug] [2022-04-01T07:32:34.101Z] Node Version:  v16.14.2
[debug] [2022-04-01T07:32:34.101Z] Time:          Fri Apr 01 2022 16:32:34 GMT+0900 (日本標準時)
[debug] [2022-04-01T07:32:34.102Z] ----------------------------------------------------------------------
[debug] 
[debug] [2022-04-01T07:32:34.142Z] > refreshing access token with scopes: []
[debug] [2022-04-01T07:32:34.143Z] >>> HTTP REQUEST POST https://www.googleapis.com/oauth2/v3/token  
 <request body omitted>
[debug] [2022-04-01T07:32:34.374Z] <<< HTTP RESPONSE 200 {"pragma":"no-cache","expires":"Mon, 01 Jan 1990 00:00:00 GMT","cache-control":"no-cache, no-store, max-age=0, must-revalidate","date":"Fri, 01 Apr 2022 07:32:34 GMT","content-type":"application/json; charset=utf-8","vary":"X-Origin, Referer, Origin,Accept-Encoding","server":"scaffolding on HTTPServer2","x-xss-protection":"0","x-frame-options":"SAMEORIGIN","x-content-type-options":"nosniff","alt-svc":"h3=\":443\"; ma=2592000,h3-29=\":443\"; ma=2592000,h3-Q050=\":443\"; ma=2592000,h3-Q046=\":443\"; ma=2592000,h3-Q043=\":443\"; ma=2592000,quic=\":443\"; ma=2592000; v=\"46,43\"","accept-ranges":"none","transfer-encoding":"chunked"}
[debug] [2022-04-01T07:32:34.428Z] >>> [apiv2][query] GET https://firebase.googleapis.com/v1beta1/projects/undefined [none]
[debug] [2022-04-01T07:32:35.013Z] <<< [apiv2][status] GET https://firebase.googleapis.com/v1beta1/projects/undefined 403
[debug] [2022-04-01T07:32:35.013Z] <<< [apiv2][body] GET https://firebase.googleapis.com/v1beta1/projects/undefined {"error":{"code":403,"message":"The caller does not have permission","status":"PERMISSION_DENIED"}}
[debug] [2022-04-01T07:32:35.014Z] HTTP Error: 403, The caller does not have permission
[debug] [2022-04-01T07:32:35.172Z] FirebaseError: HTTP Error: 403, The caller does not have permission
    at module.exports (/usr/local/lib/node_modules/firebase-tools/lib/responseToError.js:47:12)
    at RetryOperation._fn (/usr/local/lib/node_modules/firebase-tools/lib/apiv2.js:286:39)
    at processTicksAndRejections (node:internal/process/task_queues:96:5)
[error] 
[error] Error: Failed to get Firebase project undefined. Please make sure the project exists and your account has permission to access it.
